54136464
166132134
297332724
638105266
270061682
114173660
842169870
897373567
878178492
284078472
160940944
856366717
720239999
499000952
684998342
934091962
97126677
780699259
780590328
441733966
159170052
394889164
489006692
468458065
931693987
55255608
406635001
275735594
938223663
831776427
458472059
741182810
652263106
638105296
882056950
102142412
552345659
34933319
333108018
638105302
340130284
142683784
270806343
740703499
332846607
678110596
447871305
1798237
619034758
866435382
830954617
614398722
606282695
638105316
273492861
989356634
513380674
536632438
404274016
577730381
2691357
89536183
255899203
660531710
668546912
866902733
456558423
350885125
705669922
915119515
206669686
282762011
725850852
197137
397132808
723719560
953231163
86266646
546073322
219441348
18415956
829537396
818776673
304422950
548579092
393198197
817302301
848373462
464341589
807124387
195030817
518709071
584480334
983892694
991321266
774213869
319976256
863577027
14344000
883028054
